<?xml version="1.0" encoding="UTF-8"?>
<testsuite xmlns:xsi="http://www.w3.org/2001/XMLSchema-instance" xsi:noNamespaceSchemaLocation="https://maven.apache.org/surefire/maven-surefire-plugin/xsd/surefire-test-report.xsd" name="com.tingeso.eval1.PagosServiceTest" time="2.274" tests="46" errors="0" skipped="0" failures="0">
  <properties>
[...]
</properties>
  <testcase name="testTotalLeche1" classname="com.tingeso.eval1.PagosServiceTest" time="0.934"/>
  <testcase name="testRetencion1" classname="com.tingeso.eval1.PagosServiceTest" time="0.009"/>
  <testcase name="testPromedioLeche1" classname="com.tingeso.eval1.PagosServiceTest" time="0.047"/>
  <testcase name="testQuincenaAnterior1" classname="com.tingeso.eval1.PagosServiceTest" time="0.011"/>
  <testcase name="testQuincenaAnterior2" classname="com.tingeso.eval1.PagosServiceTest" time="0.01"/>
  <testcase name="testQuincenaAnterior3" classname="com.tingeso.eval1.PagosServiceTest" time="0.009"/>
  <testcase name="testQuincenaAnterior4" classname="com.tingeso.eval1.PagosServiceTest" time="0.013"/>
  <testcase name="testVarGrasa1" classname="com.tingeso.eval1.PagosServiceTest" time="0.054"/>
  <testcase name="testVarGrasa2" classname="com.tingeso.eval1.PagosServiceTest" time="0.05"/>
  <testcase name="testPagoXGrasa1" classname="com.tingeso.eval1.PagosServiceTest" time="0.009"/>
  <testcase name="testPagoXGrasa2" classname="com.tingeso.eval1.PagosServiceTest" time="0.009"/>
  <testcase name="testPagoXGrasa3" classname="com.tingeso.eval1.PagosServiceTest" time="0.01"/>
  <testcase name="testVarLeche1" classname="com.tingeso.eval1.PagosServiceTest" time="0.026"/>
  <testcase name="testVarLeche2" classname="com.tingeso.eval1.PagosServiceTest" time="0.047"/>
  <testcase name="testPagoXLeche1" classname="com.tingeso.eval1.PagosServiceTest" time="0.007"/>
  <testcase name="testPagoXLeche2" classname="com.tingeso.eval1.PagosServiceTest" time="0.007"/>
  <testcase name="testPagoXLeche3" classname="com.tingeso.eval1.PagosServiceTest" time="0.007"/>
  <testcase name="testPagoXLeche4" classname="com.tingeso.eval1.PagosServiceTest" time="0.006"/>
  <testcase name="testCalcularVariacionNegativa1" classname="com.tingeso.eval1.PagosServiceTest" time="0.006"/>
  <testcase name="testDiasEntrega1" classname="com.tingeso.eval1.PagosServiceTest" time="0.044"/>
  <testcase name="testCalculoBonificacion1" classname="com.tingeso.eval1.PagosServiceTest" time="0.033"/>
  <testcase name="testCalculoBonificacion2" classname="com.tingeso.eval1.PagosServiceTest" time="0.125"/>
  <testcase name="testCalculoBonificacion3" classname="com.tingeso.eval1.PagosServiceTest" time="0.098"/>
  <testcase name="testCalculoBonificacion4" classname="com.tingeso.eval1.PagosServiceTest" time="0.088"/>
  <testcase name="testDescuentos1" classname="com.tingeso.eval1.PagosServiceTest" time="0.006"/>
  <testcase name="testguardarPagoDB1" classname="com.tingeso.eval1.PagosServiceTest" time="0.236"/>
  <testcase name="testPagoFinal1" classname="com.tingeso.eval1.PagosServiceTest" time="0.01"/>
  <testcase name="testDescuentoXGrasa1" classname="com.tingeso.eval1.PagosServiceTest" time="0.008"/>
  <testcase name="testDescuentoXGrasa2" classname="com.tingeso.eval1.PagosServiceTest" time="0.011"/>
  <testcase name="testDescuentoXGrasa3" classname="com.tingeso.eval1.PagosServiceTest" time="0.009"/>
  <testcase name="testPagoAcopioLeche1" classname="com.tingeso.eval1.PagosServiceTest" time="0.007"/>
  <testcase name="testPagoAcopioLeche2" classname="com.tingeso.eval1.PagosServiceTest" time="0.009"/>
  <testcase name="testDescuentoXLeche1" classname="com.tingeso.eval1.PagosServiceTest" time="0.006"/>
  <testcase name="testDescuentoXLeche2" classname="com.tingeso.eval1.PagosServiceTest" time="0.007"/>
  <testcase name="testDescuentoXLeche3" classname="com.tingeso.eval1.PagosServiceTest" time="0.007"/>
  <testcase name="testDescuentoXLeche4" classname="com.tingeso.eval1.PagosServiceTest" time="0.009"/>
  <testcase name="testDescuentoXST1" classname="com.tingeso.eval1.PagosServiceTest" time="0.01"/>
  <testcase name="testDescuentoXST2" classname="com.tingeso.eval1.PagosServiceTest" time="0.008"/>
  <testcase name="testDescuentoXST3" classname="com.tingeso.eval1.PagosServiceTest" time="0.01"/>
  <testcase name="testObtenerByProveedor1" classname="com.tingeso.eval1.PagosServiceTest" time="0.047"/>
  <testcase name="testPagoXST1" classname="com.tingeso.eval1.PagosServiceTest" time="0.006"/>
  <testcase name="testPagoXST2" classname="com.tingeso.eval1.PagosServiceTest" time="0.006"/>
  <testcase name="testPagoXST3" classname="com.tingeso.eval1.PagosServiceTest" time="0.006"/>
  <testcase name="testPagoXST4" classname="com.tingeso.eval1.PagosServiceTest" time="0.009"/>
  <testcase name="testVarSolidos1" classname="com.tingeso.eval1.PagosServiceTest" time="0.025"/>
  <testcase name="testVarSolidos2" classname="com.tingeso.eval1.PagosServiceTest" time="0.033"/>
</testsuite>